# JRE version: OpenJDK Runtime Environment Temurin-17.0.4+8 (17.0.4+8) (build 17.0.4+8)
# Java VM: OpenJDK 64-Bit Server VM Temurin-17.0.4+8 (17.0.4+8, mixed mode, emulated-client, tiered, compressed oops, compressed class ptrs, g1 gc, windows-amd64)
GC Precious Log:
 CPUs: 2 total, 2 available
 Memory: 8190M
 Large Page Support: Disabled
 NUMA Support: Disabled
 Compressed Oops: Enabled (32-bit)
 Heap Region Size: 1M
 Heap Min Capacity: 8M
 Heap Initial Capacity: 128M
 Heap Max Capacity: 2G
 Pre-touch: Disabled
 Parallel Workers: 2
 Concurrent Workers: 1
 Concurrent Refinement Workers: 2
 Periodic GC: Disabled
Heap:
 garbage-first heap   total 103424K, used 36100K [0x0000000080000000, 0x0000000100000000)
  region size 1024K, 4 young (4096K), 4 survivors (4096K)
 Metaspace       used 54628K, committed 55040K, reserved 1097728K
  class space    used 7251K, committed 7488K, reserved 1048576K
GC Heap History (20 events):
Event: 3.963 GC heap after
{Heap after GC invocations=11 (full 0):
 garbage-first heap   total 58368K, used 19227K [0x0000000080000000, 0x0000000100000000)
  region size 1024K, 3 young (3072K), 3 survivors (3072K)
 Metaspace       used 31703K, committed 32000K, reserved 1081344K
  class space    used 3881K, committed 4032K, reserved 1048576K
}
Event: 4.600 GC heap before
{Heap before GC invocations=11 (full 0):
 garbage-first heap   total 58368K, used 45851K [0x0000000080000000, 0x0000000100000000)
  region size 1024K, 29 young (29696K), 3 survivors (3072K)
 Metaspace       used 34398K, committed 34752K, reserved 1081344K
  class space    used 4302K, committed 4480K, reserved 1048576K
}
Event: 4.612 GC heap after
{Heap after GC invocations=12 (full 0):
 garbage-first heap   total 58368K, used 20667K [0x0000000080000000, 0x0000000100000000)
  region size 1024K, 3 young (3072K), 3 survivors (3072K)
 Metaspace       used 34398K, committed 34752K, reserved 1081344K
  class space    used 4302K, committed 4480K, reserved 1048576K
}
Event: 4.837 GC heap before
{Heap before GC invocations=12 (full 0):
 garbage-first heap   total 58368K, used 30907K [0x0000000080000000, 0x0000000100000000)
  region size 1024K, 14 young (14336K), 3 survivors (3072K)
 Metaspace       used 35705K, committed 35968K, reserved 1081344K
  class space    used 4545K, committed 4672K, reserved 1048576K
}
Event: 4.849 GC heap after
{Heap after GC invocations=13 (full 0):
 garbage-first heap   total 58368K, used 21949K [0x0000000080000000, 0x0000000100000000)
  region size 1024K, 3 young (3072K), 3 survivors (3072K)
 Metaspace       used 35705K, committed 35968K, reserved 1081344K
  class space    used 4545K, committed 4672K, reserved 1048576K
}
Event: 5.305 GC heap before
{Heap before GC invocations=14 (full 0):
 garbage-first heap   total 58368K, used 44477K [0x0000000080000000, 0x0000000100000000)
  region size 1024K, 25 young (25600K), 3 survivors (3072K)
 Metaspace       used 38627K, committed 39040K, reserved 1089536K
  class space    used 4994K, committed 5184K, reserved 1048576K
}
Event: 5.318 GC heap after
{Heap after GC invocations=15 (full 0):
 garbage-first heap   total 58368K, used 24213K [0x0000000080000000, 0x0000000100000000)
  region size 1024K, 4 young (4096K), 4 survivors (4096K)
 Metaspace       used 38627K, committed 39040K, reserved 1089536K
  class space    used 4994K, committed 5184K, reserved 1048576K
}
Event: 5.600 GC heap before
{Heap before GC invocations=15 (full 0):
 garbage-first heap   total 58368K, used 48789K [0x0000000080000000, 0x0000000100000000)
  region size 1024K, 24 young (24576K), 4 survivors (4096K)
 Metaspace       used 40412K, committed 40832K, reserved 1089536K
  class space    used 5185K, committed 5376K, reserved 1048576K
}
Event: 5.617 GC heap after
{Heap after GC invocations=16 (full 0):
 garbage-first heap   total 59392K, used 32320K [0x0000000080000000, 0x0000000100000000)
  region size 1024K, 3 young (3072K), 3 survivors (3072K)
 Metaspace       used 40412K, committed 40832K, reserved 1089536K
  class space    used 5185K, committed 5376K, reserved 1048576K
}
Event: 5.850 GC heap before
{Heap before GC invocations=17 (full 0):
 garbage-first heap   total 63488K, used 46656K [0x0000000080000000, 0x0000000100000000)
  region size 1024K, 16 young (16384K), 3 survivors (3072K)
 Metaspace       used 40830K, committed 41280K, reserved 1089536K
  class space    used 5227K, committed 5440K, reserved 1048576K
}
Event: 5.858 GC heap after
{Heap after GC invocations=18 (full 0):
 garbage-first heap   total 63488K, used 30619K [0x0000000080000000, 0x0000000100000000)
  region size 1024K, 1 young (1024K), 1 survivors (1024K)
 Metaspace       used 40830K, committed 41280K, reserved 1089536K
  class space    used 5227K, committed 5440K, reserved 1048576K
}
Event: 5.872 GC heap before
{Heap before GC invocations=18 (full 0):
 garbage-first heap   total 63488K, used 30619K [0x0000000080000000, 0x0000000100000000)
  region size 1024K, 2 young (2048K), 1 survivors (1024K)
 Metaspace       used 40830K, committed 41280K, reserved 1089536K
  class space    used 5227K, committed 5440K, reserved 1048576K
}
Event: 5.876 GC heap after
{Heap after GC invocations=19 (full 0):
 garbage-first heap   total 81920K, used 30851K [0x0000000080000000, 0x0000000100000000)
  region size 1024K, 2 young (2048K), 2 survivors (2048K)
 Metaspace       used 40830K, committed 41280K, reserved 1089536K
  class space    used 5227K, committed 5440K, reserved 1048576K
}
Event: 6.343 GC heap before
{Heap before GC invocations=19 (full 0):
 garbage-first heap   total 81920K, used 55427K [0x0000000080000000, 0x0000000100000000)
  region size 1024K, 24 young (24576K), 2 survivors (2048K)
 Metaspace       used 41728K, committed 42112K, reserved 1089536K
  class space    used 5367K, committed 5504K, reserved 1048576K
}
Event: 6.350 GC heap after
{Heap after GC invocations=20 (full 0):
 garbage-first heap   total 81920K, used 31242K [0x0000000080000000, 0x0000000100000000)
  region size 1024K, 2 young (2048K), 2 survivors (2048K)
 Metaspace       used 41728K, committed 42112K, reserved 1089536K
  class space    used 5367K, committed 5504K, reserved 1048576K
}
Event: 7.126 GC heap before
{Heap before GC invocations=20 (full 0):
 garbage-first heap   total 81920K, used 54794K [0x0000000080000000, 0x0000000100000000)
  region size 1024K, 26 young (26624K), 2 survivors (2048K)
 Metaspace       used 43728K, committed 44096K, reserved 1089536K
  class space    used 5692K, committed 5888K, reserved 1048576K
}
Event: 7.136 GC heap after
{Heap after GC invocations=21 (full 0):
 garbage-first heap   total 81920K, used 32901K [0x0000000080000000, 0x0000000100000000)
  region size 1024K, 4 young (4096K), 4 survivors (4096K)
 Metaspace       used 43728K, committed 44096K, reserved 1089536K
  class space    used 5692K, committed 5888K, reserved 1048576K
}
Event: 7.880 GC heap before
{Heap before GC invocations=21 (full 0):
 garbage-first heap   total 81920K, used 57477K [0x0000000080000000, 0x0000000100000000)
  region size 1024K, 29 young (29696K), 4 survivors (4096K)
 Metaspace       used 49013K, committed 49408K, reserved 1097728K
  class space    used 6563K, committed 6720K, reserved 1048576K
}
Event: 7.892 GC heap after
{Heap after GC invocations=22 (full 0):
 garbage-first heap   total 81920K, used 33992K [0x0000000080000000, 0x0000000100000000)
  region size 1024K, 3 young (3072K), 3 survivors (3072K)
 Metaspace       used 49013K, committed 49408K, reserved 1097728K
  class space    used 6563K, committed 6720K, reserved 1048576K
}
Event: 8.452 GC heap before
{Heap before GC invocations=22 (full 0):
 garbage-first heap   total 81920K, used 60616K [0x0000000080000000, 0x0000000100000000)
  region size 1024K, 29 young (29696K), 3 survivors (3072K)
 Metaspace       used 54628K, committed 55040K, reserved 1097728K
  class space    used 7251K, committed 7488K, reserved 1048576K
}

