# JRE version: OpenJDK Runtime Environment Temurin-17.0.4+8 (17.0.4+8) (build 17.0.4+8)
# Java VM: OpenJDK 64-Bit Server VM Temurin-17.0.4+8 (17.0.4+8, mixed mode, emulated-client, tiered, compressed oops, compressed class ptrs, g1 gc, windows-amd64)
GC Precious Log:
 CPUs: 2 total, 2 available
 Memory: 8190M
 Large Page Support: Disabled
 NUMA Support: Disabled
 Compressed Oops: Enabled (32-bit)
 Heap Region Size: 1M
 Heap Min Capacity: 8M
 Heap Initial Capacity: 128M
 Heap Max Capacity: 2G
 Pre-touch: Disabled
 Parallel Workers: 2
 Concurrent Workers: 1
 Concurrent Refinement Workers: 2
 Periodic GC: Disabled
Heap:
 garbage-first heap   total 152576K, used 41517K [0x0000000080000000, 0x0000000100000000)
  region size 1024K, 1 young (1024K), 1 survivors (1024K)
 Metaspace       used 70639K, committed 71104K, reserved 1114112K
  class space    used 9826K, committed 10048K, reserved 1048576K
GC Heap History (20 events):
Event: 5.717 GC heap after
{Heap after GC invocations=16 (full 0):
 garbage-first heap   total 70656K, used 25935K [0x0000000080000000, 0x0000000100000000)
  region size 1024K, 3 young (3072K), 3 survivors (3072K)
 Metaspace       used 40085K, committed 40448K, reserved 1089536K
  class space    used 5151K, committed 5312K, reserved 1048576K
}
Event: 6.330 GC heap before
{Heap before GC invocations=16 (full 0):
 garbage-first heap   total 70656K, used 53583K [0x0000000080000000, 0x0000000100000000)
  region size 1024K, 29 young (29696K), 3 survivors (3072K)
 Metaspace       used 41853K, committed 42240K, reserved 1089536K
  class space    used 5440K, committed 5632K, reserved 1048576K
}
Event: 6.341 GC heap after
{Heap after GC invocations=17 (full 0):
 garbage-first heap   total 70656K, used 27230K [0x0000000080000000, 0x0000000100000000)
  region size 1024K, 2 young (2048K), 2 survivors (2048K)
 Metaspace       used 41853K, committed 42240K, reserved 1089536K
  class space    used 5440K, committed 5632K, reserved 1048576K
}
Event: 7.138 GC heap before
{Heap before GC invocations=17 (full 0):
 garbage-first heap   total 70656K, used 53854K [0x0000000080000000, 0x0000000100000000)
  region size 1024K, 28 young (28672K), 2 survivors (2048K)
 Metaspace       used 48578K, committed 49024K, reserved 1097728K
  class space    used 6509K, committed 6720K, reserved 1048576K
}
Event: 7.148 GC heap after
{Heap after GC invocations=18 (full 0):
 garbage-first heap   total 70656K, used 28766K [0x0000000080000000, 0x0000000100000000)
  region size 1024K, 3 young (3072K), 3 survivors (3072K)
 Metaspace       used 48578K, committed 49024K, reserved 1097728K
  class space    used 6509K, committed 6720K, reserved 1048576K
}
Event: 7.770 GC heap before
{Heap before GC invocations=18 (full 0):
 garbage-first heap   total 70656K, used 54366K [0x0000000080000000, 0x0000000100000000)
  region size 1024K, 28 young (28672K), 3 survivors (3072K)
 Metaspace       used 54802K, committed 55232K, reserved 1097728K
  class space    used 7300K, committed 7488K, reserved 1048576K
}
Event: 7.783 GC heap after
{Heap after GC invocations=19 (full 0):
 garbage-first heap   total 70656K, used 31222K [0x0000000080000000, 0x0000000100000000)
  region size 1024K, 4 young (4096K), 4 survivors (4096K)
 Metaspace       used 54802K, committed 55232K, reserved 1097728K
  class space    used 7300K, committed 7488K, reserved 1048576K
}
Event: 8.405 GC heap before
{Heap before GC invocations=19 (full 0):
 garbage-first heap   total 70656K, used 54774K [0x0000000080000000, 0x0000000100000000)
  region size 1024K, 27 young (27648K), 4 survivors (4096K)
 Metaspace       used 59586K, committed 60032K, reserved 1105920K
  class space    used 8094K, committed 8320K, reserved 1048576K
}
Event: 8.420 GC heap after
{Heap after GC invocations=20 (full 0):
 garbage-first heap   total 87040K, used 32584K [0x0000000080000000, 0x0000000100000000)
  region size 1024K, 2 young (2048K), 2 survivors (2048K)
 Metaspace       used 59586K, committed 60032K, reserved 1105920K
  class space    used 8094K, committed 8320K, reserved 1048576K
}
Event: 8.455 GC heap before
{Heap before GC invocations=20 (full 0):
 garbage-first heap   total 87040K, used 33608K [0x0000000080000000, 0x0000000100000000)
  region size 1024K, 4 young (4096K), 2 survivors (2048K)
 Metaspace       used 60030K, committed 60480K, reserved 1105920K
  class space    used 8153K, committed 8384K, reserved 1048576K
}
Event: 8.461 GC heap after
{Heap after GC invocations=21 (full 0):
 garbage-first heap   total 87040K, used 32266K [0x0000000080000000, 0x0000000100000000)
  region size 1024K, 2 young (2048K), 2 survivors (2048K)
 Metaspace       used 60030K, committed 60480K, reserved 1105920K
  class space    used 8153K, committed 8384K, reserved 1048576K
}
Event: 9.183 GC heap before
{Heap before GC invocations=22 (full 0):
 garbage-first heap   total 87040K, used 67082K [0x0000000080000000, 0x0000000100000000)
  region size 1024K, 36 young (36864K), 2 survivors (2048K)
 Metaspace       used 63472K, committed 63936K, reserved 1105920K
  class space    used 8704K, committed 8896K, reserved 1048576K
}
Event: 9.198 GC heap after
{Heap after GC invocations=23 (full 0):
 garbage-first heap   total 87040K, used 35123K [0x0000000080000000, 0x0000000100000000)
  region size 1024K, 5 young (5120K), 5 survivors (5120K)
 Metaspace       used 63472K, committed 63936K, reserved 1105920K
  class space    used 8704K, committed 8896K, reserved 1048576K
}
Event: 9.246 GC heap before
{Heap before GC invocations=23 (full 0):
 garbage-first heap   total 87040K, used 36147K [0x0000000080000000, 0x0000000100000000)
  region size 1024K, 6 young (6144K), 5 survivors (5120K)
 Metaspace       used 63537K, committed 63936K, reserved 1105920K
  class space    used 8712K, committed 8896K, reserved 1048576K
}
Event: 9.260 GC heap after
{Heap after GC invocations=24 (full 0):
 garbage-first heap   total 87040K, used 35576K [0x0000000080000000, 0x0000000100000000)
  region size 1024K, 1 young (1024K), 1 survivors (1024K)
 Metaspace       used 63537K, committed 63936K, reserved 1105920K
  class space    used 8712K, committed 8896K, reserved 1048576K
}
Event: 9.971 GC heap before
{Heap before GC invocations=24 (full 0):
 garbage-first heap   total 87040K, used 68344K [0x0000000080000000, 0x0000000100000000)
  region size 1024K, 33 young (33792K), 1 survivors (1024K)
 Metaspace       used 66257K, committed 66752K, reserved 1105920K
  class space    used 9184K, committed 9408K, reserved 1048576K
}
Event: 9.984 GC heap after
{Heap after GC invocations=25 (full 0):
 garbage-first heap   total 87040K, used 37766K [0x0000000080000000, 0x0000000100000000)
  region size 1024K, 3 young (3072K), 3 survivors (3072K)
 Metaspace       used 66257K, committed 66752K, reserved 1105920K
  class space    used 9184K, committed 9408K, reserved 1048576K
}
Event: 11.066 GC heap before
{Heap before GC invocations=26 (full 0):
 garbage-first heap   total 87040K, used 68486K [0x0000000080000000, 0x0000000100000000)
  region size 1024K, 33 young (33792K), 3 survivors (3072K)
 Metaspace       used 70413K, committed 70912K, reserved 1114112K
  class space    used 9796K, committed 9984K, reserved 1048576K
}
Event: 11.084 GC heap after
{Heap after GC invocations=27 (full 0):
 garbage-first heap   total 87040K, used 41320K [0x0000000080000000, 0x0000000100000000)
  region size 1024K, 4 young (4096K), 4 survivors (4096K)
 Metaspace       used 70413K, committed 70912K, reserved 1114112K
  class space    used 9796K, committed 9984K, reserved 1048576K
}
Event: 11.120 GC heap before
{Heap before GC invocations=27 (full 0):
 garbage-first heap   total 87040K, used 42344K [0x0000000080000000, 0x0000000100000000)
  region size 1024K, 5 young (5120K), 4 survivors (4096K)
 Metaspace       used 70639K, committed 71104K, reserved 1114112K
  class space    used 9826K, committed 10048K, reserved 1048576K
}

